<?xml version="1.0" encoding="UTF-8"?>
<!-- Generated by org.testng.reporters.JUnitReportReporter -->
<testsuite skipped="0" hostname="HBADT4950189" name="com.qa.testscripts.TC_AmazonSearchItem_001" tests="1" failures="0" timestamp="11 Feb 2021 11:06:03 GMT" time="4.413" errors="0">
  <testcase name="searchItem" time="4.413" classname="com.qa.testscripts.TC_AmazonSearchItem_001"/>
</testsuite> <!-- com.qa.testscripts.TC_AmazonSearchItem_001 -->
