<?xml version="1.0" encoding="UTF-8"?>
<!-- Generated by org.testng.reporters.JUnitReportReporter -->
<testsuite skipped="0" hostname="HBADT4950189" name="com.qa.testscripts.TC_AmazonSearchItem_001" tests="1" failures="0" timestamp="13 Feb 2021 06:49:38 GMT" time="3.353" errors="0">
  <testcase name="searchItem" time="3.353" classname="com.qa.testscripts.TC_AmazonSearchItem_001"/>
</testsuite> <!-- com.qa.testscripts.TC_AmazonSearchItem_001 -->
